{
  "RSpec": {
    "coverage": {
      "/Users/stuartpethurst/Projects/Smart_Dev_Test/spec/parse_spec.rb": [
        null,
        null,
        1,
        null,
        1,
        1,
        1,
        1,
        null,
        null,
        null,
        1,
        1,
        1,
        1,
        null,
        null,
        null,
        null,
        1,
        1,
        1,
        1,
        null,
        null,
        null
      ],
      "/Users/stuartpethurst/Projects/Smart_Dev_Test/lib/parse.rb": [
        null,
        1,
        1,
        2,
        2,
        2,
        null,
        null,
        1,
        1002,
        1002,
        null,
        null,
        1,
        501,
        501,
        7,
        null,
        null,
        1,
        null,
        null
      ]
    },
    "timestamp": 1562504870
  }
}
